2026-07-07 22:10:27 - security - INFO - Security event: registration_success - success - logger.py:138
2026-07-07 22:10:27 - security - INFO - Security event: registration_success - success - logger.py:138
2026-07-07 22:10:27 - security - INFO - Security event: registration_failed - failed - logger.py:138
2026-07-07 22:10:27 - security - INFO - Security event: registration_success - success - logger.py:138
2026-07-07 22:11:19 - security - INFO - Security event: registration_success - success - logger.py:138
2026-07-07 22:11:19 - security - INFO - Security event: registration_success - success - logger.py:138
2026-07-07 22:11:19 - security - INFO - Security event: registration_failed - failed - logger.py:138
2026-07-07 22:11:19 - security - INFO - Security event: registration_success - success - logger.py:138
2026-07-07 22:11:19 - security - INFO - Security event: login_failed - failed - logger.py:138
2026-07-07 22:12:45 - security - INFO - Security event: registration_success - success - logger.py:138
2026-07-07 22:12:45 - security - INFO - Security event: registration_success - success - logger.py:138
2026-07-07 22:12:45 - security - INFO - Security event: registration_failed - failed - logger.py:138
2026-07-07 22:12:45 - security - INFO - Security event: registration_success - success - logger.py:138
2026-07-07 22:12:46 - security - INFO - Security event: registration_success - success - logger.py:138
2026-07-07 22:12:46 - security - INFO - Security event: login_success - success - logger.py:138
2026-07-07 22:12:46 - security - INFO - Security event: registration_success - success - logger.py:138
2026-07-07 22:12:46 - security - INFO - Security event: login_failed - failed - logger.py:138
2026-07-07 22:12:47 - security - INFO - Security event: registration_success - success - logger.py:138
2026-07-07 22:12:47 - security - INFO - Security event: registration_success - success - logger.py:138
2026-07-07 22:12:47 - security - INFO - Security event: registration_success - success - logger.py:138
2026-07-07 22:12:47 - security - INFO - Security event: registration_success - success - logger.py:138
2026-07-07 22:12:48 - security - INFO - Security event: registration_success - success - logger.py:138
2026-07-07 22:12:48 - security - INFO - Security event: registration_success - success - logger.py:138
2026-07-07 22:12:48 - security - INFO - Security event: registration_success - success - logger.py:138
2026-07-07 22:12:48 - security - INFO - Security event: registration_success - success - logger.py:138
2026-07-07 22:12:49 - security - INFO - Security event: registration_success - success - logger.py:138
2026-07-07 22:12:49 - security - INFO - Security event: registration_success - success - logger.py:138
2026-07-07 22:12:49 - security - INFO - Security event: registration_success - success - logger.py:138
2026-07-07 22:12:49 - security - INFO - Security event: registration_success - success - logger.py:138
2026-07-07 22:48:22 - security - INFO - Security event: registration_success - success - logger.py:138
2026-07-07 22:48:22 - security - INFO - Security event: registration_success - success - logger.py:138
2026-07-07 22:48:22 - security - INFO - Security event: registration_failed - failed - logger.py:138
2026-07-07 22:48:22 - security - INFO - Security event: registration_success - success - logger.py:138
2026-07-07 22:48:22 - security - INFO - Security event: registration_success - success - logger.py:138
2026-07-07 22:48:23 - security - INFO - Security event: login_success - success - logger.py:138
2026-07-07 22:48:23 - security - INFO - Security event: registration_success - success - logger.py:138
2026-07-07 22:48:23 - security - INFO - Security event: login_failed - failed - logger.py:138
2026-07-07 22:48:24 - security - INFO - Security event: registration_success - success - logger.py:138
2026-07-07 22:48:24 - security - INFO - Security event: registration_success - success - logger.py:138
2026-07-07 22:48:24 - security - INFO - Security event: registration_success - success - logger.py:138
2026-07-07 22:48:24 - security - INFO - Security event: registration_success - success - logger.py:138
2026-07-07 22:48:25 - security - INFO - Security event: registration_success - success - logger.py:138
2026-07-07 22:48:25 - security - INFO - Security event: registration_success - success - logger.py:138
2026-07-07 22:48:58 - security - INFO - Security event: registration_success - success - logger.py:138
2026-07-07 22:48:59 - security - INFO - Security event: registration_success - success - logger.py:138
2026-07-07 22:48:59 - security - INFO - Security event: registration_failed - failed - logger.py:138
2026-07-07 22:48:59 - security - INFO - Security event: registration_success - success - logger.py:138
2026-07-07 22:48:59 - security - INFO - Security event: registration_success - success - logger.py:138
2026-07-07 22:48:59 - security - INFO - Security event: login_success - success - logger.py:138
2026-07-07 22:49:00 - security - INFO - Security event: registration_success - success - logger.py:138
2026-07-07 22:49:00 - security - INFO - Security event: login_failed - failed - logger.py:138
2026-07-07 22:49:00 - security - INFO - Security event: registration_success - success - logger.py:138
2026-07-07 22:49:00 - security - INFO - Security event: registration_success - success - logger.py:138
2026-07-07 22:49:01 - security - INFO - Security event: registration_success - success - logger.py:138
2026-07-07 22:49:01 - security - INFO - Security event: registration_success - success - logger.py:138
2026-07-07 22:49:01 - security - INFO - Security event: registration_success - success - logger.py:138
2026-07-07 22:49:02 - security - INFO - Security event: registration_success - success - logger.py:138
2026-07-07 22:49:02 - security - INFO - Security event: registration_success - success - logger.py:138
2026-07-07 22:49:02 - security - INFO - Security event: registration_success - success - logger.py:138
2026-07-07 22:49:02 - security - INFO - Security event: registration_success - success - logger.py:138
2026-07-07 22:49:03 - security - INFO - Security event: registration_success - success - logger.py:138
2026-07-07 22:49:03 - security - INFO - Security event: registration_success - success - logger.py:138
2026-07-07 22:49:03 - security - INFO - Security event: registration_success - success - logger.py:138
2026-07-07 22:49:04 - security - INFO - Security event: login_failed - failed - logger.py:138
2026-07-07 22:49:04 - security - INFO - Security event: login_failed - failed - logger.py:138
2026-07-07 22:49:04 - security - INFO - Security event: login_failed - failed - logger.py:138
2026-07-07 22:49:05 - security - INFO - Security event: login_failed - failed - logger.py:138
2026-07-07 22:49:05 - security - INFO - Security event: login_failed - failed - logger.py:138
2026-07-07 22:49:05 - security - INFO - Security event: login_failed - failed - logger.py:138
2026-07-07 22:49:06 - security - INFO - Security event: login_failed - failed - logger.py:138
2026-07-07 22:49:06 - security - INFO - Security event: login_failed - failed - logger.py:138
2026-07-07 22:49:06 - security - INFO - Security event: login_failed - failed - logger.py:138
2026-07-07 22:49:07 - security - INFO - Security event: login_failed - failed - logger.py:138
2026-07-07 22:50:01 - security - INFO - Security event: registration_success - success - logger.py:138
2026-07-07 22:53:08 - security - INFO - Security event: registration_success - success - logger.py:138
2026-07-07 22:59:24 - security - INFO - Security event: login_failed - failed - logger.py:138
2026-07-07 22:59:25 - security - INFO - Security event: login_failed - failed - logger.py:138
2026-07-07 22:59:25 - security - INFO - Security event: login_failed - failed - logger.py:138
2026-07-07 22:59:25 - security - INFO - Security event: login_failed - failed - logger.py:138
2026-07-07 22:59:25 - security - INFO - Security event: login_failed - failed - logger.py:138
2026-07-07 22:59:25 - security - INFO - Security event: login_failed - failed - logger.py:138
2026-07-07 22:59:25 - security - INFO - Security event: login_failed - failed - logger.py:138
2026-07-07 22:59:25 - security - INFO - Security event: login_failed - failed - logger.py:138
2026-07-07 22:59:25 - security - INFO - Security event: login_failed - failed - logger.py:138
2026-07-07 22:59:25 - security - INFO - Security event: login_failed - failed - logger.py:138
2026-07-07 23:00:47 - security - INFO - Security event: login_failed - failed - logger.py:138
2026-07-07 23:00:47 - security - INFO - Security event: login_failed - failed - logger.py:138
2026-07-07 23:00:47 - security - INFO - Security event: login_failed - failed - logger.py:138
2026-07-07 23:00:47 - security - INFO - Security event: login_failed - failed - logger.py:138
2026-07-07 23:00:47 - security - INFO - Security event: login_failed - failed - logger.py:138
2026-07-07 23:00:47 - security - INFO - Security event: login_failed - failed - logger.py:138
2026-07-07 23:00:47 - security - INFO - Security event: login_failed - failed - logger.py:138
2026-07-07 23:00:47 - security - INFO - Security event: login_failed - failed - logger.py:138
2026-07-07 23:00:47 - security - INFO - Security event: login_failed - failed - logger.py:138
2026-07-07 23:00:47 - security - INFO - Security event: login_failed - failed - logger.py:138
2026-07-07 23:04:03 - security - INFO - Security event: login_failed - failed - logger.py:138
2026-07-07 23:04:29 - security - INFO - Security event: login_failed - failed - logger.py:138
2026-07-07 23:04:52 - security - INFO - Security event: registration_success - success - logger.py:138
2026-07-07 23:04:53 - security - INFO - Security event: login_success - success - logger.py:138
2026-07-07 23:05:06 - security - INFO - Security event: login_success - success - logger.py:138
2026-07-07 23:05:49 - security - INFO - Security event: login_success - success - logger.py:138
2026-07-07 23:10:54 - security - INFO - Security event: login_failed - failed - logger.py:138
2026-07-07 23:11:29 - security - INFO - Security event: registration_success - success - logger.py:138
2026-07-07 23:11:30 - security - INFO - Security event: login_success - success - logger.py:138
2026-07-07 23:16:11 - security - INFO - Security event: registration_success - success - logger.py:138
2026-07-08 02:38:04 - security - INFO - Security event: registration_success - success - logger.py:138
2026-07-08 02:38:07 - security - INFO - Security event: registration_success - success - logger.py:138
2026-07-08 03:07:26 - security - INFO - Security event: registration_success - success - logger.py:138
2026-07-08 03:10:06 - security - INFO - Security event: login_success - success - logger.py:138
2026-07-08 05:30:07 - security - INFO - Security event: registration_success - success - logger.py:138
2026-07-08 05:30:07 - security - INFO - Security event: registration_success - success - logger.py:138
2026-07-10 01:45:54 - security - INFO - Security event: registration_success - success - logger.py:138
2026-07-10 01:45:54 - security - INFO - Security event: registration_success - success - logger.py:138
2026-07-10 01:46:24 - security - INFO - Security event: login_success - success - logger.py:138
2026-07-10 01:46:24 - security - INFO - Security event: login_success - success - logger.py:138
2026-07-10 02:04:59 - security - INFO - Security event: registration_success - success - logger.py:138
2026-07-10 02:04:59 - security - INFO - Security event: registration_success - success - logger.py:138
2026-07-10 02:51:12 - security - INFO - Security event: profile_updated - success - logger.py:138
2026-07-10 02:51:12 - security - INFO - Security event: profile_updated - success - logger.py:138
2026-07-10 02:51:25 - security - INFO - Security event: profile_updated - success - logger.py:138
2026-07-10 02:51:25 - security - INFO - Security event: profile_updated - success - logger.py:138
2026-07-10 02:51:42 - security - INFO - Security event: profile_updated - success - logger.py:138
2026-07-10 02:51:42 - security - INFO - Security event: profile_updated - success - logger.py:138
2026-07-10 02:51:47 - security - INFO - Security event: account_deleted - success - logger.py:138
2026-07-10 02:51:47 - security - INFO - Security event: account_deleted - success - logger.py:138
2026-07-10 02:52:02 - security - INFO - Security event: login_failed - success - logger.py:138
2026-07-10 02:52:02 - security - INFO - Security event: login_failed - success - logger.py:138
2026-07-10 02:52:14 - security - INFO - Security event: registration_success - success - logger.py:138
2026-07-10 02:52:14 - security - INFO - Security event: registration_success - success - logger.py:138
2026-07-10 02:52:24 - security - INFO - Security event: profile_updated - success - logger.py:138
2026-07-10 02:52:24 - security - INFO - Security event: profile_updated - success - logger.py:138
2026-07-12 20:30:23 - security - INFO - Security event: registration_success - success - logger.py:138
2026-07-12 20:30:23 - security - INFO - Security event: registration_success - success - logger.py:138
2026-07-12 20:31:01 - security - INFO - Security event: profile_updated - success - logger.py:138
2026-07-12 20:31:01 - security - INFO - Security event: profile_updated - success - logger.py:138
2026-07-14 00:22:21 - security - INFO - Security event: registration_success - success - logger.py:138
2026-07-14 00:22:21 - security - INFO - Security event: registration_success - success - logger.py:138
2026-07-14 00:22:51 - security - INFO - Security event: profile_updated - success - logger.py:138
2026-07-14 00:22:51 - security - INFO - Security event: profile_updated - success - logger.py:138
2026-07-14 01:52:54 - security - INFO - Security event: registration_success - success - logger.py:138
2026-07-14 01:52:54 - security - INFO - Security event: registration_success - success - logger.py:138
