2026-04-25 21:44:19: ❌ Failed to fetch languages: [TypeError: fetch failed] {
2026-04-25 21:44:19:   [cause]: AggregateError: 
2026-04-25 21:44:19:       at ignore-listed frames {
2026-04-25 21:44:19:     code: 'ECONNREFUSED'
2026-04-25 21:44:19:   }
2026-04-25 21:44:19: }
2026-04-25 21:44:42: ❌ Failed to fetch languages: [TypeError: fetch failed] {
2026-04-25 21:44:42:   [cause]: AggregateError: 
2026-04-25 21:44:42:       at ignore-listed frames {
2026-04-25 21:44:42:     code: 'ECONNREFUSED'
2026-04-25 21:44:42:   }
2026-04-25 21:44:42: }
2026-04-25 21:44:53: ❌ Failed to fetch EGE subjects: [TypeError: fetch failed] {
2026-04-25 21:44:53:   [cause]: AggregateError: 
2026-04-25 21:44:53:       at ignore-listed frames {
2026-04-25 21:44:53:     code: 'ECONNREFUSED'
2026-04-25 21:44:53:   }
2026-04-25 21:44:53: }
2026-04-25 21:44:54: ❌ Failed to fetch languages: [TypeError: fetch failed] {
2026-04-25 21:44:54:   [cause]: AggregateError: 
2026-04-25 21:44:54:       at ignore-listed frames {
2026-04-25 21:44:54:     code: 'ECONNREFUSED'
2026-04-25 21:44:54:   }
2026-04-25 21:44:54: }
2026-04-25 21:44:55: ❌ Failed to fetch EGE subjects: [TypeError: fetch failed] {
2026-04-25 21:44:55:   [cause]: AggregateError: 
2026-04-25 21:44:55:       at ignore-listed frames {
2026-04-25 21:44:55:     code: 'ECONNREFUSED'
2026-04-25 21:44:55:   }
2026-04-25 21:44:55: }
2026-04-25 21:44:55: ❌ Failed to fetch courses: [TypeError: fetch failed] {
2026-04-25 21:44:55:   [cause]: AggregateError: 
2026-04-25 21:44:55:       at ignore-listed frames {
2026-04-25 21:44:55:     code: 'ECONNREFUSED'
2026-04-25 21:44:55:   }
2026-04-25 21:44:55: }
2026-04-25 21:44:57: ❌ Failed to fetch languages: [TypeError: fetch failed] {
2026-04-25 21:44:57:   [cause]: AggregateError: 
2026-04-25 21:44:57:       at ignore-listed frames {
2026-04-25 21:44:57:     code: 'ECONNREFUSED'
2026-04-25 21:44:57:   }
2026-04-25 21:44:57: }
2026-04-25 21:44:59: ❌ Failed to fetch languages: [TypeError: fetch failed] {
2026-04-25 21:44:59:   [cause]: AggregateError: 
2026-04-25 21:44:59:       at ignore-listed frames {
2026-04-25 21:44:59:     code: 'ECONNREFUSED'
2026-04-25 21:44:59:   }
2026-04-25 21:44:59: }
2026-04-25 21:45:32: ❌ Failed to fetch languages: [TypeError: fetch failed] {
2026-04-25 21:45:32:   [cause]: AggregateError: 
2026-04-25 21:45:32:       at ignore-listed frames {
2026-04-25 21:45:32:     code: 'ECONNREFUSED'
2026-04-25 21:45:32:   }
2026-04-25 21:45:32: }
2026-04-25 21:45:36: ❌ Failed to fetch languages: [TypeError: fetch failed] {
2026-04-25 21:45:36:   [cause]: AggregateError: 
2026-04-25 21:45:36:       at ignore-listed frames {
2026-04-25 21:45:36:     code: 'ECONNREFUSED'
2026-04-25 21:45:36:   }
2026-04-25 21:45:36: }
2026-04-25 21:45:40: Error: Failed to find Server Action "x". This request might be from an older or newer deployment.
2026-04-25 21:45:40: Read more: https://nextjs.org/docs/messages/failed-to-find-server-action
2026-04-25 21:45:40:     at ignore-listed frames
2026-04-25 21:45:41: Error: Failed to find Server Action "x". This request might be from an older or newer deployment.
2026-04-25 21:45:41: Read more: https://nextjs.org/docs/messages/failed-to-find-server-action
2026-04-25 21:45:41:     at ignore-listed frames
2026-04-25 21:47:10: ❌ Failed to fetch languages: [TypeError: fetch failed] {
2026-04-25 21:47:10:   [cause]: AggregateError: 
2026-04-25 21:47:10:       at ignore-listed frames {
2026-04-25 21:47:10:     code: 'ECONNREFUSED'
2026-04-25 21:47:10:   }
2026-04-25 21:47:10: }
2026-04-25 21:47:47: ❌ Failed to fetch languages: [TypeError: fetch failed] {
2026-04-25 21:47:47:   [cause]: AggregateError: 
2026-04-25 21:47:47:       at ignore-listed frames {
2026-04-25 21:47:47:     code: 'ECONNREFUSED'
2026-04-25 21:47:47:   }
2026-04-25 21:47:47: }
2026-04-26 00:31:48: ❌ Failed to fetch languages: [TypeError: fetch failed] {
2026-04-26 00:31:48:   [cause]: AggregateError: 
2026-04-26 00:31:48:       at ignore-listed frames {
2026-04-26 00:31:48:     code: 'ECONNREFUSED'
2026-04-26 00:31:48:   }
2026-04-26 00:31:48: }
2026-04-26 00:31:49: ❌ Failed to fetch EGE subjects: [TypeError: fetch failed] {
2026-04-26 00:31:49:   [cause]: AggregateError: 
2026-04-26 00:31:49:       at ignore-listed frames {
2026-04-26 00:31:49:     code: 'ECONNREFUSED'
2026-04-26 00:31:49:   }
2026-04-26 00:31:49: }
2026-04-26 00:31:50: ❌ Failed to fetch courses: [TypeError: fetch failed] {
2026-04-26 00:31:50:   [cause]: AggregateError: 
2026-04-26 00:31:50:       at ignore-listed frames {
2026-04-26 00:31:50:     code: 'ECONNREFUSED'
2026-04-26 00:31:50:   }
2026-04-26 00:31:50: }
2026-04-26 00:31:53: ❌ Failed to fetch languages: [TypeError: fetch failed] {
2026-04-26 00:31:53:   [cause]: AggregateError: 
2026-04-26 00:31:53:       at ignore-listed frames {
2026-04-26 00:31:53:     code: 'ECONNREFUSED'
2026-04-26 00:31:53:   }
2026-04-26 00:31:53: }
2026-04-26 00:31:55: ❌ Failed to fetch languages: [TypeError: fetch failed] {
2026-04-26 00:31:55:   [cause]: AggregateError: 
2026-04-26 00:31:55:       at ignore-listed frames {
2026-04-26 00:31:55:     code: 'ECONNREFUSED'
2026-04-26 00:31:55:   }
2026-04-26 00:31:55: }
2026-04-26 00:37:42: ❌ Failed to fetch languages: [TypeError: fetch failed] {
2026-04-26 00:37:42:   [cause]: AggregateError: 
2026-04-26 00:37:42:       at ignore-listed frames {
2026-04-26 00:37:42:     code: 'ECONNREFUSED'
2026-04-26 00:37:42:   }
2026-04-26 00:37:42: }
2026-04-26 00:38:23: Error [InvariantError]: Invariant: The client reference manifest for route "/_not-found" does not exist. This is a bug in Next.js.
2026-04-26 00:38:23:     at Object.get (.next/server/chunks/ssr/9d1c8_next_dist_2ceb87c6._.js:1:14262)
2026-04-26 00:38:23: ⨯ Error [InvariantError]: Invariant: The client reference manifest for route "/_not-found" does not exist. This is a bug in Next.js.
2026-04-26 00:38:23:     at Object.get (.next/server/chunks/ssr/9d1c8_next_dist_2ceb87c6._.js:1:14262)
2026-04-26 00:38:23: ⨯ Error [InvariantError]: Invariant: The client reference manifest for route "/_not-found" does not exist. This is a bug in Next.js.
2026-04-26 00:38:23:     at Object.get (.next/server/chunks/ssr/9d1c8_next_dist_2ceb87c6._.js:1:14262)
2026-04-26 00:55:47: ❌ Failed to fetch languages: [TypeError: fetch failed] {
2026-04-26 00:55:47:   [cause]: AggregateError: 
2026-04-26 00:55:47:       at ignore-listed frames {
2026-04-26 00:55:47:     code: 'ECONNREFUSED'
2026-04-26 00:55:47:   }
2026-04-26 00:55:47: }
2026-04-26 00:55:48: ❌ Failed to fetch languages: [TypeError: fetch failed] {
2026-04-26 00:55:48:   [cause]: AggregateError: 
2026-04-26 00:55:48:       at ignore-listed frames {
2026-04-26 00:55:48:     code: 'ECONNREFUSED'
2026-04-26 00:55:48:   }
2026-04-26 00:55:48: }
2026-04-26 00:55:49: ❌ Failed to fetch languages: [TypeError: fetch failed] {
2026-04-26 00:55:49:   [cause]: AggregateError: 
2026-04-26 00:55:49:       at ignore-listed frames {
2026-04-26 00:55:49:     code: 'ECONNREFUSED'
2026-04-26 00:55:49:   }
2026-04-26 00:55:49: }
2026-04-26 00:56:09: ❌ Failed to fetch languages: [TypeError: fetch failed] {
2026-04-26 00:56:09:   [cause]: AggregateError: 
2026-04-26 00:56:09:       at ignore-listed frames {
2026-04-26 00:56:09:     code: 'ECONNREFUSED'
2026-04-26 00:56:09:   }
2026-04-26 00:56:09: }
2026-04-26 00:59:01: ❌ Failed to fetch languages: [TypeError: fetch failed] {
2026-04-26 00:59:01:   [cause]: AggregateError: 
2026-04-26 00:59:01:       at ignore-listed frames {
2026-04-26 00:59:01:     code: 'ECONNREFUSED'
2026-04-26 00:59:01:   }
2026-04-26 00:59:01: }
2026-04-26 01:14:09: Error: Failed to find Server Action "x". This request might be from an older or newer deployment.
2026-04-26 01:14:09: Read more: https://nextjs.org/docs/messages/failed-to-find-server-action
2026-04-26 01:14:09:     at ignore-listed frames
2026-04-26 01:28:04: ❌ Failed to fetch languages: [TypeError: fetch failed] {
2026-04-26 01:28:04:   [cause]: AggregateError: 
2026-04-26 01:28:04:       at ignore-listed frames {
2026-04-26 01:28:04:     code: 'ECONNREFUSED'
2026-04-26 01:28:04:   }
2026-04-26 01:28:04: }
2026-04-26 03:03:58: ❌ Failed to fetch courses: [TypeError: fetch failed] {
2026-04-26 03:03:58:   [cause]: AggregateError: 
2026-04-26 03:03:58:       at ignore-listed frames {
2026-04-26 03:03:58:     code: 'ECONNREFUSED'
2026-04-26 03:03:58:   }
2026-04-26 03:03:58: }
